<?xml version="1.0" encoding="UTF-8"?>
<!-- Generated by org.testng.reporters.JUnitReportReporter -->
<testsuite skipped="0" hostname="BoopathiPC" name="InvokationCount" tests="3" failures="0" timestamp="2020-08-07T08:53:35 IST" time="0.011" errors="0">
  <testcase name="testcase1" time="0.009" classname="InvokationCount"/>
  <system-out/>
  <testcase name="testcase1" time="0.001" classname="InvokationCount"/>
  <system-out/>
  <testcase name="testcase1" time="0.001" classname="InvokationCount"/>
  <system-out/>
</testsuite> <!-- InvokationCount -->
